<?xml version='1.0' encoding='utf-8'?>
<testsuites name="cocotb tests"><testsuite name="test_crt_cocotb" errors="0" failures="0" skipped="0" tests="1" time="0.649" timestamp="2026-09-24T05:43:54.426948+00:00" hostname="DESKTOP-56IDVON"><testcase classname="test_crt_cocotb" name="test_pipelined_crt_reconstruction" time="0.649"><properties><property name="cocotb" value="True" /><property name="random_seed" value="1790228633" /><property name="file" value="/mnt/c/Users/hp/Desktop/Deepanshu/Janus Update/janus_mini16_sim/tier4_rtl_digital/test_crt_cocotb.py" /><property name="line" value="23" /><property name="sim_time_unit" value="ns" /><property name="sim_time_start" value="0.0" /><property name="sim_time_stop" value="10.171" /><property name="sim_time_duration" value="10.171" /><property name="sim_time_ratio" value="15.672955641337357" /></properties></testcase></testsuite></testsuites>